[2025-05-22 09:31:14.626366] TAB_CREATED: New session created: Attack Session 1
[2025-05-22 09:31:14.627212] CLI_INIT: Application initialized
[2025-05-22 09:31:26.017837] GUI_EVENT: AI panel shown
[2025-05-22 09:31:26.760783] GUI_EVENT: AI panel hidden
[2025-05-22 09:31:27.128706] GUI_EVENT: AI panel shown
[2025-05-22 09:31:27.459613] GUI_EVENT: AI panel hidden
[2025-05-22 09:31:27.729558] GUI_EVENT: AI panel shown
[2025-05-22 09:31:28.644779] TAB_CREATED: New session created: Attack Session 2
[2025-05-22 09:31:29.122340] TAB_CREATED: New session created: Attack Session 3
[2025-05-22 10:13:33.666999] TAB_CREATED: New session created: Attack Session 1
[2025-05-22 10:14:16.856892] TAB_CREATED: New session created: Attack Session 1
[2025-05-22 10:18:14.345341] TAB_CREATED: New session created: Attack Session 1
[2025-05-22 10:18:59.370228] CLI_INIT: Application initialized
[2025-05-22 10:19:15.920087] GUI_EVENT: AI panel shown
[2025-05-22 10:19:16.408482] GUI_EVENT: AI panel hidden
[2025-05-22 10:19:16.817043] TAB_CREATED: New session created: Attack Session 2
[2025-05-22 10:44:01.433785] TAB_CREATED: New session created: Attack Session 1
[2025-05-22 10:44:02.659966] CLI_INIT: Application initialized
[2025-05-22 10:55:07.339002] TAB_CREATED: New session created: Attack Session 1
[2025-05-22 10:55:08.499995] CLI_INIT: Application initialized
[2025-05-22 10:55:15.310110] COMMAND_EXEC: Local command executed: ifconfig
[2025-05-22 10:55:23.738942] COMMAND_EXEC: Local command executed: ll
[2025-05-22 11:58:11.348047] TAB_CREATED: New session created: Attack Session 1
[2025-05-22 11:58:14.509141] CLI_INIT: Application initialized
[2025-05-22 11:58:16.126519] GUI_EVENT: AI panel shown
[2025-05-22 11:58:16.606912] GUI_EVENT: AI panel hidden
[2025-05-22 11:58:17.679153] GUI_EVENT: AI panel shown
[2025-05-22 11:58:18.343114] GUI_EVENT: Command panel shown
[2025-05-22 11:58:20.436055] GUI_EVENT: Command panel hidden
[2025-05-22 11:58:21.124683] GUI_EVENT: AI panel hidden
[2025-05-22 11:58:21.601018] GUI_EVENT: AI panel shown
[2025-05-22 11:58:21.917339] GUI_EVENT: AI panel hidden
[2025-05-22 11:58:22.118758] GUI_EVENT: AI panel shown
[2025-05-22 11:58:22.299781] GUI_EVENT: AI panel hidden
[2025-05-22 11:58:22.477299] GUI_EVENT: AI panel shown
[2025-05-22 11:58:22.666219] GUI_EVENT: AI panel hidden
[2025-05-22 11:58:22.847415] GUI_EVENT: AI panel shown
[2025-05-22 11:58:23.034700] GUI_EVENT: AI panel hidden
[2025-05-22 11:58:23.334472] GUI_EVENT: AI panel shown
[2025-05-22 11:58:23.571411] GUI_EVENT: AI panel hidden
[2025-05-22 11:58:23.761189] GUI_EVENT: AI panel shown
[2025-05-22 11:58:23.983543] GUI_EVENT: AI panel hidden
[2025-05-22 11:58:24.203211] GUI_EVENT: AI panel shown
[2025-05-22 11:58:24.389403] GUI_EVENT: AI panel hidden
[2025-05-22 11:58:24.819196] GUI_EVENT: AI panel shown
[2025-05-22 11:58:25.510249] GUI_EVENT: Command panel shown
[2025-05-22 11:58:26.122064] GUI_EVENT: Command panel hidden
[2025-05-22 11:58:27.036639] GUI_EVENT: Command panel shown
[2025-05-22 11:58:27.764777] GUI_EVENT: Command panel hidden
[2025-05-22 11:58:28.425672] GUI_EVENT: Command panel shown
[2025-05-22 11:58:28.895613] GUI_EVENT: Command panel hidden
[2025-05-22 11:58:29.306039] GUI_EVENT: Command panel shown
[2025-05-22 11:58:29.913351] GUI_EVENT: Command panel hidden
[2025-05-22 11:58:30.541384] GUI_EVENT: Command panel shown
[2025-05-22 11:58:31.501403] GUI_EVENT: Command panel hidden
[2025-05-22 11:58:32.004742] GUI_EVENT: Command panel shown
[2025-05-22 11:58:32.623076] GUI_EVENT: Command panel hidden
[2025-05-22 11:58:33.953782] GUI_EVENT: Command panel shown
[2025-05-22 11:58:34.511786] GUI_EVENT: Command panel hidden
[2025-05-22 11:58:36.074632] GUI_EVENT: Command panel shown
[2025-05-22 11:58:37.911417] TAB_CREATED: New session created: Attack Session 2
[2025-05-22 11:58:40.387762] CONFIG_UPDATE: Config updated for tab 1: IP=, Port=
[2025-05-22 11:58:48.254208] CONFIG_UPDATE: Config updated for tab 1: IP=127.0.0.1, Port=
[2025-05-22 11:58:53.631405] CONFIG_UPDATE: Config updated for tab 1: IP=127.0.0.1, Port=
[2025-05-22 11:58:53.702130] CONFIG_UPDATE: Config updated for tab 1: IP=127.0.0.1, Port=
[2025-05-22 11:58:53.702342] COMMAND_EXEC: Simulated attack on 127.0.0.1:80 - Payload: Sample payload
[2025-05-22 11:59:04.653296] GUI_EVENT: Command panel hidden
[2025-05-22 11:59:05.449276] GUI_EVENT: Command panel shown
[2025-05-22 11:59:09.975467] COMMAND_EXEC: Local command executed: ll
[2025-05-22 12:12:06.827310] TAB_CREATED: New session created: Attack Session 1
[2025-05-22 12:12:08.386006] CLI_INIT: Application initialized
[2025-05-22 12:12:11.369523] GUI_EVENT: AI panel shown
[2025-05-22 12:12:11.732628] GUI_EVENT: AI panel hidden
[2025-05-22 12:12:12.018339] GUI_EVENT: AI panel shown
[2025-05-22 12:12:12.329837] GUI_EVENT: AI panel hidden
[2025-05-22 12:12:12.597644] GUI_EVENT: AI panel shown
[2025-05-22 12:12:14.089572] GUI_EVENT: AI panel hidden
[2025-05-22 12:12:14.361606] GUI_EVENT: AI panel shown
[2025-05-22 12:12:14.752559] GUI_EVENT: AI panel hidden
[2025-05-22 12:12:15.038804] GUI_EVENT: AI panel shown
[2025-05-22 12:12:15.432607] GUI_EVENT: AI panel hidden
[2025-05-22 12:12:15.720738] GUI_EVENT: AI panel shown
[2025-05-22 12:12:16.128405] GUI_EVENT: AI panel hidden
[2025-05-22 12:12:16.431009] GUI_EVENT: AI panel shown
[2025-05-22 12:12:17.604097] GUI_EVENT: Command panel shown
[2025-05-22 12:12:19.201443] GUI_EVENT: Command panel hidden
[2025-05-22 12:12:19.907517] GUI_EVENT: Command panel shown
[2025-05-22 12:12:23.514059] TAB_CREATED: New session created: Attack Session 2
[2025-05-22 12:12:34.113600] CONFIG_UPDATE: Config updated for tab 1: IP=127.0.0.1, Port=
[2025-05-22 12:12:39.568173] CONFIG_UPDATE: Config updated for tab 1: IP=127.0.0.1, Port=0-65535
[2025-05-22 12:12:39.653457] CONFIG_UPDATE: Config updated for tab 1: IP=127.0.0.1, Port=0-65535
[2025-05-22 12:12:39.653665] COMMAND_EXEC: Simulated attack on 127.0.0.1:0-65535 - Payload: Sample payload
[2025-05-22 12:13:04.342429] GUI_EVENT: AI panel hidden
[2025-05-22 12:13:04.650618] GUI_EVENT: AI panel shown
[2025-05-22 12:13:04.949669] GUI_EVENT: AI panel hidden
[2025-05-22 12:13:05.256511] GUI_EVENT: AI panel shown
[2025-05-22 12:13:05.576454] GUI_EVENT: AI panel hidden
[2025-05-22 12:13:06.149534] GUI_EVENT: AI panel shown
[2025-05-22 12:13:06.500398] GUI_EVENT: AI panel hidden
[2025-05-22 12:13:06.833655] GUI_EVENT: AI panel shown
[2025-05-22 12:13:07.167391] GUI_EVENT: AI panel hidden
[2025-05-22 12:13:07.469662] GUI_EVENT: AI panel shown
[2025-05-22 12:13:07.739833] GUI_EVENT: AI panel hidden
[2025-05-22 12:13:07.940900] GUI_EVENT: AI panel shown
[2025-05-22 12:13:08.246836] GUI_EVENT: AI panel hidden
[2025-05-22 12:13:08.536401] GUI_EVENT: AI panel shown
[2025-05-22 12:13:08.817317] GUI_EVENT: AI panel hidden
[2025-05-22 12:13:09.110391] GUI_EVENT: AI panel shown
[2025-05-22 12:13:11.345509] GUI_EVENT: Command panel hidden
[2025-05-22 12:13:12.533429] GUI_EVENT: Command panel shown
[2025-05-22 12:13:13.311894] GUI_EVENT: Command panel hidden
[2025-05-22 12:13:13.945404] GUI_EVENT: Command panel shown
[2025-05-22 12:13:14.673225] GUI_EVENT: Command panel hidden
[2025-05-22 12:13:15.150188] GUI_EVENT: Command panel shown
[2025-05-22 12:13:15.775994] GUI_EVENT: Command panel hidden
[2025-05-22 12:13:16.639461] GUI_EVENT: Command panel shown
[2025-05-22 12:31:44.587164] TAB_CREATED: New session created: Attack Session 1
[2025-05-22 12:31:47.279507] CLI_INIT: Application initialized
[2025-05-22 12:31:52.071500] GUI_EVENT: Command panel shown
[2025-05-22 12:31:52.955187] GUI_EVENT: AI panel shown
[2025-05-22 12:31:53.439538] GUI_EVENT: AI panel hidden
[2025-05-22 12:31:53.749193] GUI_EVENT: AI panel shown
[2025-05-22 12:31:54.108285] GUI_EVENT: AI panel hidden
[2025-05-22 12:31:55.459270] GUI_EVENT: AI panel shown
[2025-05-22 12:31:56.026529] GUI_EVENT: AI panel hidden
[2025-05-22 12:31:56.286511] GUI_EVENT: AI panel shown
[2025-05-22 12:31:56.578302] GUI_EVENT: AI panel hidden
[2025-05-22 12:31:56.846669] GUI_EVENT: AI panel shown
[2025-05-22 12:31:57.196366] GUI_EVENT: AI panel hidden
[2025-05-22 12:31:57.780452] GUI_EVENT: AI panel shown
[2025-05-22 12:31:58.176543] GUI_EVENT: AI panel hidden
[2025-05-22 12:31:58.558693] GUI_EVENT: AI panel shown
[2025-05-22 12:31:58.838223] GUI_EVENT: AI panel hidden
[2025-05-22 12:31:59.404948] GUI_EVENT: AI panel shown
[2025-05-22 12:31:59.607308] GUI_EVENT: AI panel hidden
[2025-05-22 12:31:59.897321] GUI_EVENT: AI panel shown
[2025-05-22 12:32:00.259221] GUI_EVENT: AI panel hidden
[2025-05-22 12:32:00.559904] GUI_EVENT: AI panel shown
[2025-05-22 12:32:00.837367] GUI_EVENT: AI panel hidden
[2025-05-22 12:32:01.118387] GUI_EVENT: AI panel shown
[2025-05-22 12:32:01.363183] GUI_EVENT: AI panel hidden
[2025-05-22 12:32:01.572215] GUI_EVENT: AI panel shown
[2025-05-22 12:32:01.846393] GUI_EVENT: AI panel hidden
[2025-05-22 12:32:02.462943] GUI_EVENT: AI panel shown
[2025-05-22 12:32:15.245146] GUI_EVENT: Command panel hidden
[2025-05-22 12:32:16.301688] GUI_EVENT: AI panel hidden
[2025-05-22 12:32:16.687652] GUI_EVENT: AI panel shown
[2025-05-22 12:32:17.043466] GUI_EVENT: AI panel hidden
[2025-05-22 12:32:17.342477] GUI_EVENT: AI panel shown
[2025-05-22 12:32:17.798674] GUI_EVENT: AI panel hidden
[2025-05-22 12:32:18.247366] GUI_EVENT: AI panel shown
[2025-05-22 12:32:18.560391] GUI_EVENT: AI panel hidden
[2025-05-22 12:32:18.883781] GUI_EVENT: AI panel shown
[2025-05-22 12:32:19.627620] GUI_EVENT: AI panel hidden
[2025-05-22 23:40:15.230743] TAB_CREATED: 新建会话：攻防会话 1
[2025-05-22 23:40:55.616640] CLI_INIT: 应用已初始化
[2025-05-22 23:42:33.900070] TOOL_DOWNLOAD: 工具 nmap 已下载（模拟）
[2025-05-22 23:42:33.900306] TOOL_DOWNLOAD: 工具 metasploit 已下载（模拟）
[2025-05-22 23:42:33.900455] TOOL_DOWNLOAD: 工具 sqlmap 已下载（模拟）
[2025-05-22 23:42:33.902513] CONFIG_UPDATE: 启用工具更新：nmap, metasploit, sqlmap
[2025-05-22 23:42:33.902581] CONFIG_UPDATE: 启用工具：nmap, metasploit, sqlmap
[2025-05-22 23:42:40.964420] CONFIG_UPDATE: RAG文档路径更新为：/home/lxcxjxhx/PROJECT/INTEL-SE/docs
[2025-05-22 23:42:40.964527] CONFIG_UPDATE: RAG文档仓库路径更新为：/home/lxcxjxhx/PROJECT/INTEL-SE/docs
[2025-05-22 23:42:42.831513] CONFIG_UPDATE: API配置更新：端点=https://api.x.ai/v1
[2025-05-22 23:42:42.831590] CONFIG_UPDATE: AI API配置已更新
[2025-05-22 23:42:43.357252] TAB_CREATED: 新建会话：攻防会话 2
[2025-05-22 23:42:46.685082] GUI_EVENT: AI面板显示
[2025-05-22 23:42:47.053756] GUI_EVENT: AI面板隐藏
[2025-05-22 23:42:47.404141] GUI_EVENT: AI面板显示
[2025-05-22 23:42:47.689945] GUI_EVENT: AI面板隐藏
[2025-05-22 23:42:47.971965] GUI_EVENT: AI面板显示
[2025-05-22 23:42:51.796829] GUI_EVENT: 命令行面板显示
[2025-05-22 23:42:52.571825] GUI_EVENT: AI面板隐藏
[2025-05-22 23:42:52.943680] GUI_EVENT: AI面板显示
[2025-05-22 23:42:53.181822] GUI_EVENT: AI面板隐藏
[2025-05-22 23:42:53.609052] GUI_EVENT: AI面板显示
[2025-05-22 23:42:53.898626] GUI_EVENT: AI面板隐藏
[2025-05-22 23:42:54.162011] GUI_EVENT: AI面板显示
[2025-05-22 23:42:54.401932] GUI_EVENT: AI面板隐藏
[2025-05-22 23:42:54.659535] GUI_EVENT: AI面板显示
[2025-05-22 23:42:55.013566] GUI_EVENT: AI面板隐藏
[2025-05-22 23:42:55.351969] GUI_EVENT: AI面板显示
[2025-05-22 23:42:55.567110] GUI_EVENT: AI面板隐藏
[2025-05-22 23:42:55.887319] GUI_EVENT: AI面板显示
[2025-05-22 23:42:56.327467] GUI_EVENT: AI面板隐藏
[2025-05-22 23:42:56.742046] GUI_EVENT: AI面板显示
[2025-05-22 23:42:57.068691] GUI_EVENT: AI面板隐藏
[2025-05-22 23:42:57.569112] GUI_EVENT: AI面板显示
[2025-05-22 23:42:57.849381] GUI_EVENT: AI面板隐藏
[2025-05-22 23:42:58.358170] GUI_EVENT: AI面板显示
[2025-05-22 23:42:58.591681] GUI_EVENT: AI面板隐藏
[2025-05-22 23:42:59.692146] GUI_EVENT: AI面板显示
[2025-05-22 23:43:00.063930] GUI_EVENT: AI面板隐藏
[2025-05-22 23:43:00.338832] GUI_EVENT: AI面板显示
[2025-05-22 23:43:00.586442] GUI_EVENT: AI面板隐藏
[2025-05-22 23:43:01.065871] GUI_EVENT: AI面板显示
[2025-05-23 00:05:59.550716] TAB_CREATED: 新建会话：攻防会话 1
[2025-05-23 00:06:00.883396] CLI_INIT: 应用已初始化
[2025-05-23 00:06:06.806196] GUI_EVENT: 命令行面板显示
[2025-05-23 00:06:07.578059] GUI_EVENT: AI面板显示
[2025-05-23 00:06:07.949417] GUI_EVENT: AI面板隐藏
[2025-05-23 00:06:08.169346] GUI_EVENT: AI面板显示
[2025-05-23 00:06:08.420934] GUI_EVENT: AI面板隐藏
[2025-05-23 00:06:08.615007] GUI_EVENT: AI面板显示
[2025-05-23 00:06:09.181782] GUI_EVENT: AI面板隐藏
[2025-05-23 00:06:10.665422] GUI_EVENT: AI面板显示
[2025-05-23 00:09:13.581915] TAB_CREATED: 新建会话：攻防会话 1
[2025-05-23 00:09:14.647417] CLI_INIT: 应用已初始化
[2025-05-23 00:09:16.564330] GUI_DEBUG: AI button clicked
[2025-05-23 00:09:16.564376] GUI_DEBUG: Toggle AI panel, current state: False
[2025-05-23 00:09:16.564524] GUI_EVENT: AI面板显示
[2025-05-23 00:09:16.918409] GUI_DEBUG: AI button clicked
[2025-05-23 00:09:16.918451] GUI_DEBUG: Toggle AI panel, current state: True
[2025-05-23 00:09:16.918488] GUI_EVENT: AI面板隐藏
[2025-05-23 00:09:17.163379] GUI_DEBUG: AI button clicked
[2025-05-23 00:09:17.163422] GUI_DEBUG: Toggle AI panel, current state: False
[2025-05-23 00:09:17.163504] GUI_EVENT: AI面板显示
[2025-05-23 00:09:17.349511] GUI_DEBUG: AI button clicked
[2025-05-23 00:09:17.349556] GUI_DEBUG: Toggle AI panel, current state: True
[2025-05-23 00:09:17.349598] GUI_EVENT: AI面板隐藏
[2025-05-23 00:09:17.550662] GUI_DEBUG: AI button clicked
[2025-05-23 00:09:17.550704] GUI_DEBUG: Toggle AI panel, current state: False
[2025-05-23 00:09:17.550773] GUI_EVENT: AI面板显示
[2025-05-23 00:09:17.790496] GUI_DEBUG: AI button clicked
[2025-05-23 00:09:17.790539] GUI_DEBUG: Toggle AI panel, current state: True
[2025-05-23 00:09:17.790575] GUI_EVENT: AI面板隐藏
[2025-05-23 00:09:19.189454] GUI_DEBUG: Toggle command panel, current state: False
[2025-05-23 00:09:19.189805] GUI_EVENT: 命令行面板显示
[2025-05-23 00:09:20.036450] GUI_DEBUG: Toggle command panel, current state: True
[2025-05-23 00:09:20.036558] GUI_EVENT: 命令行面板隐藏
[2025-05-23 00:09:20.554669] GUI_DEBUG: Toggle command panel, current state: False
[2025-05-23 00:09:20.554764] GUI_EVENT: 命令行面板显示
[2025-05-23 00:09:22.016685] GUI_DEBUG: AI button clicked
[2025-05-23 00:09:22.016729] GUI_DEBUG: Toggle AI panel, current state: False
[2025-05-23 00:09:22.016801] GUI_EVENT: AI面板显示
[2025-05-23 00:09:22.375812] GUI_DEBUG: AI button clicked
[2025-05-23 00:09:22.375891] GUI_DEBUG: Toggle AI panel, current state: True
[2025-05-23 00:09:22.375948] GUI_EVENT: AI面板隐藏
[2025-05-23 00:09:22.614915] GUI_DEBUG: AI button clicked
[2025-05-23 00:09:22.614957] GUI_DEBUG: Toggle AI panel, current state: False
[2025-05-23 00:09:22.615018] GUI_EVENT: AI面板显示
[2025-05-23 00:09:22.917933] GUI_DEBUG: AI button clicked
[2025-05-23 00:09:22.917980] GUI_DEBUG: Toggle AI panel, current state: True
[2025-05-23 00:09:22.918033] GUI_EVENT: AI面板隐藏
[2025-05-23 00:09:23.177769] GUI_DEBUG: AI button clicked
[2025-05-23 00:09:23.177809] GUI_DEBUG: Toggle AI panel, current state: False
[2025-05-23 00:09:23.177886] GUI_EVENT: AI面板显示
[2025-05-23 00:09:28.584560] CONFIG_UPDATE: 会话 1 配置更新：IP=, 端口=
[2025-05-23 00:09:43.554422] GUI_DEBUG: AI button clicked
[2025-05-23 00:09:43.554633] GUI_DEBUG: Toggle AI panel, current state: True
[2025-05-23 00:09:43.554849] GUI_EVENT: AI面板隐藏
[2025-05-23 00:09:43.833826] GUI_DEBUG: AI button clicked
[2025-05-23 00:09:43.833944] GUI_DEBUG: Toggle AI panel, current state: False
[2025-05-23 00:09:43.834259] GUI_EVENT: AI面板显示
[2025-05-23 00:09:45.203812] GUI_DEBUG: AI button clicked
[2025-05-23 00:09:45.203966] GUI_DEBUG: Toggle AI panel, current state: True
[2025-05-23 00:09:45.204119] GUI_EVENT: AI面板隐藏
[2025-05-23 00:09:45.502232] GUI_DEBUG: AI button clicked
[2025-05-23 00:09:45.502364] GUI_DEBUG: Toggle AI panel, current state: False
[2025-05-23 00:09:45.502807] GUI_EVENT: AI面板显示
[2025-05-23 00:09:45.940947] GUI_DEBUG: AI button clicked
[2025-05-23 00:09:45.941162] GUI_DEBUG: Toggle AI panel, current state: True
[2025-05-23 00:09:45.941351] GUI_EVENT: AI面板隐藏
[2025-05-23 00:13:36.607243] TAB_CREATED: 新建会话：攻防会话 1
[2025-05-23 00:13:36.868552] DOC_INIT: DocProcessor 初始化成功
[2025-05-23 00:13:36.868588] CLI_INIT: 应用已初始化
[2025-05-23 00:13:38.819139] GUI_DEBUG: AI button clicked at (14, 370)
[2025-05-23 00:13:38.819184] GUI_DEBUG: Toggle AI panel, current state: False
[2025-05-23 00:13:38.819492] GUI_EVENT: AI面板显示
[2025-05-23 00:13:42.326070] GUI_DEBUG: AI button clicked at (7, 358)
[2025-05-23 00:13:42.326195] GUI_DEBUG: Toggle AI panel, current state: True
[2025-05-23 00:13:42.326338] GUI_EVENT: AI面板隐藏
[2025-05-23 00:13:48.665592] GUI_DEBUG: AI button clicked at (29, 388)
[2025-05-23 00:13:48.665776] GUI_DEBUG: Toggle AI panel, current state: False
[2025-05-23 00:13:48.666231] GUI_EVENT: AI面板显示
[2025-05-23 00:13:50.291215] GUI_DEBUG: AI button clicked at (24, 277)
[2025-05-23 00:13:50.291357] GUI_DEBUG: Toggle AI panel, current state: True
[2025-05-23 00:13:50.291676] GUI_EVENT: AI面板隐藏
[2025-05-23 00:13:50.757339] GUI_DEBUG: AI button clicked at (21, 186)
[2025-05-23 00:13:50.757583] GUI_DEBUG: Toggle AI panel, current state: False
[2025-05-23 00:13:50.758204] GUI_EVENT: AI面板显示
[2025-05-23 00:13:51.701374] GUI_DEBUG: AI button clicked at (25, 325)
[2025-05-23 00:13:51.701536] GUI_DEBUG: Toggle AI panel, current state: True
[2025-05-23 00:13:51.701732] GUI_EVENT: AI面板隐藏
[2025-05-23 00:13:52.406912] GUI_DEBUG: AI button clicked at (25, 237)
[2025-05-23 00:13:52.407080] GUI_DEBUG: Toggle AI panel, current state: False
[2025-05-23 00:13:52.407484] GUI_EVENT: AI面板显示
[2025-05-23 00:13:53.749546] GUI_DEBUG: AI button clicked at (25, 326)
[2025-05-23 00:13:53.749694] GUI_DEBUG: Toggle AI panel, current state: True
[2025-05-23 00:13:53.749884] GUI_EVENT: AI面板隐藏
[2025-05-23 00:13:54.083263] GUI_DEBUG: AI button clicked at (19, 284)
[2025-05-23 00:13:54.083412] GUI_DEBUG: Toggle AI panel, current state: False
[2025-05-23 00:13:54.084183] GUI_EVENT: AI面板显示
[2025-05-23 00:19:24.166077] TAB_CREATED: 新建会话：攻防会话 1
[2025-05-23 00:19:24.425737] DOC_INIT: DocProcessor 初始化成功
[2025-05-23 00:19:24.425774] CLI_INIT: 应用已初始化
[2025-05-23 00:19:26.385419] GUI_DEBUG: AI button clicked at (18, 248)
[2025-05-23 00:19:26.385558] GUI_DEBUG: Toggle AI panel, current state: False
[2025-05-23 00:19:26.385820] GUI_EVENT: AI面板显示
[2025-05-23 00:19:32.106595] GUI_DEBUG: Toggle command panel, current state: False
[2025-05-23 00:19:32.107563] GUI_EVENT: 命令行面板显示
[2025-05-23 00:19:34.924601] GUI_DEBUG: Toggle command panel, current state: True
[2025-05-23 00:19:34.924977] GUI_EVENT: 命令行面板隐藏
[2025-05-23 00:19:36.600417] GUI_DEBUG: Toggle command panel, current state: False
[2025-05-23 00:19:36.600749] GUI_EVENT: 命令行面板显示
[2025-05-23 00:19:41.283400] COMMAND_EXEC: 本地命令执行：ifconfig
[2025-05-23 07:28:56.032497] TAB_CREATED: 新建会话：攻防会话 1
[2025-05-23 07:28:56.409932] DOC_INIT: DocProcessor 初始化成功
[2025-05-23 07:28:56.409969] CLI_INIT: 应用已初始化
[2025-05-23 14:07:56.933444] TAB_CREATED: 新建会话：攻防会话 1
[2025-05-23 14:07:57.285866] DOC_INIT: DocProcessor 初始化成功
[2025-05-23 14:07:57.285899] CLI_INIT: 应用已初始化
[2025-05-23 14:08:46.129617] GUI_DEBUG: AI button clicked at (9, 173)
[2025-05-23 14:08:46.129741] GUI_DEBUG: Toggle AI panel, current state: False
[2025-05-23 14:08:46.130299] GUI_EVENT: AI面板显示
[2025-05-23 14:08:47.417099] GUI_DEBUG: AI button clicked at (8, 200)
[2025-05-23 14:08:47.417229] GUI_DEBUG: Toggle AI panel, current state: True
[2025-05-23 14:08:47.417395] GUI_EVENT: AI面板隐藏
[2025-05-23 14:08:48.572477] GUI_DEBUG: AI button clicked at (13, 189)
[2025-05-23 14:08:48.572652] GUI_DEBUG: Toggle AI panel, current state: False
[2025-05-23 14:08:48.573159] GUI_EVENT: AI面板显示
[2025-05-23 14:23:15.490809] TAB_CREATED: 新建会话：攻防会话 1
[2025-05-23 14:23:15.748562] DOC_INIT: DocProcessor 初始化成功
[2025-05-23 14:23:15.748610] CLI_INIT: 应用已初始化
[2025-05-23 14:27:06.387900] TOOL_DOWNLOAD: 工具 nmap 下载并安装到 /home/lxcxjxhx/PROJECT/INTEL-SE/tools/bin/nmap
[2025-05-23 14:31:15.140516] TAB_CREATED: 新建会话：攻防会话 1
[2025-05-23 14:31:15.400113] DOC_INIT: DocProcessor 初始化成功
[2025-05-23 14:31:15.400149] CLI_INIT: 应用已初始化
[2025-05-23 14:31:43.604934] CONFIG_UPDATE: 会话 1 配置更新：IP=, 端口=
[2025-05-25 17:17:14.791968] TAB_CREATED: 新建会话：攻防会话 1
[2025-05-25 17:17:15.185165] DOC_INIT: DocProcessor 初始化成功
[2025-05-25 17:17:15.185215] CLI_INIT: 应用已初始化
[2025-05-25 17:18:32.421744] CONFIG_UPDATE: AI API配置已更新
[2025-05-25 17:18:32.421822] CONFIG_UPDATE: AI API配置已更新
[2025-05-25 17:18:35.138341] GUI_DEBUG: AI button clicked at (16, 430)
[2025-05-25 17:18:35.138517] GUI_DEBUG: Toggle AI panel, current state: False
[2025-05-25 17:18:35.138948] GUI_EVENT: AI面板显示
[2025-05-25 17:18:46.812428] RAG_ERROR: RAG查询失败：PreTrainedTokenizerFast._batch_encode_plus() got an unexpected keyword argument 'clean_up_tokenization_spaces'
[2025-05-25 17:18:46.815053] COMMAND_EXEC: 信息安全查询：hello
[2025-05-25 17:18:54.979986] RAG_ERROR: RAG查询失败：PreTrainedTokenizerFast._batch_encode_plus() got an unexpected keyword argument 'clean_up_tokenization_spaces'
[2025-05-25 17:18:54.980671] COMMAND_EXEC: 信息安全查询：nmap
[2025-05-25 17:19:05.936952] CONFIG_UPDATE: RAG文档路径更新为：/home/lxcxjxhx/PROJECT/INTEL-SE/docs
[2025-05-25 17:19:05.937047] CONFIG_UPDATE: RAG文档仓库路径更新为：/home/lxcxjxhx/PROJECT/INTEL-SE/docs
[2025-05-25 18:50:19.915334] TAB_CREATED: 新建会话：攻防会话 1
[2025-05-25 18:50:20.169160] DOC_INIT: DocProcessor 初始化成功
[2025-05-25 18:50:20.169198] CLI_INIT: 应用已初始化
