Tue May 20 20:53:44 2025 - CONFIG_SAVED - Settings updated
Wed May 21 10:40:04 2025 - SHELL_EXEC - docker0: flags=4099<UP,BROADCAST,MULTICAST>  mtu 1500
        inet 172.17.0.1  netmask 255.255.0.0  broadcast 172.17.255.255
        ether ca:45:88:e7:75:ab  txqueuelen 0  (以太网)
        RX packets 0  bytes 0 (0.0 B)
        RX errors 0  dropped 0  overruns 0  frame 0
        TX packets 0  bytes 0 (0.0 B)
        TX errors 0  dropped 258 overruns 0  carrier 0  collisions 0

enp3s0: flags=4099<UP,BROADCAST,MULTICAST>  mtu 1500
        ether b0:25:aa:66:cf:e5  txqueuelen 1000  (以太网)
        RX packets 0  bytes 0 (0.0 B)
        RX errors 0  dropped 0  overruns 0  frame 0
        TX packets 0  bytes 0 (0.0 B)
        TX errors 0  dropped 0 overruns 0  carrier 0  collisions 0

lo: flags=73<UP,LOOPBACK,RUNNING>  mtu 65536
        inet 127.0.0.1  netmask 255.0.0.0
        inet6 ::1  prefixlen 128  scopeid 0x10<host>
        loop  txqueuelen 1000  (本地环回)
        RX packets 397972  bytes 133427586 (133.4 MB)
        RX errors 0  dropped 0  overruns 0  frame 0
        TX packets 397972  bytes 133427586 (133.4 MB)
        TX errors 0  dropped 0 overruns 0  carrier 0  collisions 0

virbr0: flags=4099<UP,BROADCAST,MULTICAST>  mtu 1500
        inet 192.168.122.1  netmask 255.255.255.0  broadcast 192.168.122.255
        ether 52:54:00:ab:58:48  txqueuelen 1000  (以太网)
        RX packets 0  bytes 0 (0.0 B)
        RX errors 0  dropped 0  overruns 0  frame 0
        TX packets 0  bytes 0 (0.0 B)
        TX errors 0  dropped 266 overruns 0  carrier 0  collisions 0

wlo1: flags=4163<UP,BROADCAST,RUNNING,MULTICAST>  mtu 1500
        inet 192.168.1.17  netmask 255.255.255.0  broadcast 192.168.1.255
        inet6 2409:8a1e:c622:de80:19ed:a63f:5e1c:110  prefixlen 64  scopeid 0x0<global>
        inet6 2409:8a1e:c622:de80:8dc1:c7b4:bfbf:bf56  prefixlen 64  scopeid 0x0<global>
        inet6 fe80::a645:584a:87b0:4ffd  prefixlen 64  scopeid 0x20<link>
        ether e4:60:17:9b:7b:89  txqueuelen 1000  (以太网)
        RX packets 668167  bytes 418432797 (418.4 MB)
        RX errors 0  dropped 9  overruns 0  frame 
Wed May 21 10:40:13 2025 - LOG_ERROR - Failed to open attack.log
Wed May 21 11:06:13 2025 - LOG_UPDATE - Log file updated
Wed May 21 11:06:15 2025 - LOG_UPDATE - Log file updated
Wed May 21 11:06:17 2025 - LOG_UPDATE - Log file updated
Wed May 21 11:06:19 2025 - LOG_UPDATE - Log file updated
Wed May 21 11:06:21 2025 - LOG_UPDATE - Log file updated
Wed May 21 11:06:23 2025 - LOG_UPDATE - Log file updated
Wed May 21 11:06:25 2025 - LOG_UPDATE - Log file updated
Wed May 21 11:06:27 2025 - LOG_UPDATE - Log file updated
Wed May 21 11:06:29 2025 - LOG_UPDATE - Log file updated
Wed May 21 11:06:31 2025 - LOG_UPDATE - Log file updated
Wed May 21 11:06:33 2025 - LOG_UPDATE - Log file updated
Wed May 21 11:06:35 2025 - LOG_UPDATE - Log file updated
Wed May 21 11:06:37 2025 - LOG_UPDATE - Log file updated
Wed May 21 11:06:39 2025 - LOG_UPDATE - Log file updated
Wed May 21 11:06:41 2025 - LOG_UPDATE - Log file updated
Wed May 21 11:06:43 2025 - LOG_UPDATE - Log file updated
Wed May 21 11:06:45 2025 - LOG_UPDATE - Log file updated
Wed May 21 11:06:47 2025 - LOG_UPDATE - Log file updated
Wed May 21 11:06:49 2025 - LOG_UPDATE - Log file updated
Wed May 21 11:06:51 2025 - LOG_UPDATE - Log file updated
Wed May 21 11:06:53 2025 - LOG_UPDATE - Log file updated
Wed May 21 11:06:55 2025 - LOG_UPDATE - Log file updated
Wed May 21 11:06:57 2025 - LOG_UPDATE - Log file updated
Wed May 21 11:06:59 2025 - LOG_UPDATE - Log file updated
Wed May 21 11:07:01 2025 - LOG_UPDATE - Log file updated
Wed May 21 11:07:03 2025 - LOG_UPDATE - Log file updated
Wed May 21 11:07:05 2025 - LOG_UPDATE - Log file updated
Wed May 21 11:07:07 2025 - LOG_UPDATE - Log file updated
Wed May 21 11:07:09 2025 - LOG_UPDATE - Log file updated
Wed May 21 11:07:11 2025 - LOG_UPDATE - Log file updated
Wed May 21 11:07:13 2025 - LOG_UPDATE - Log file updated
Wed May 21 11:07:15 2025 - LOG_UPDATE - Log file updated
Wed May 21 11:07:17 2025 - LOG_UPDATE - Log file updated
Wed May 21 11:07:19 2025 - LOG_UPDATE - Log file updated
Wed May 21 11:07:21 2025 - LOG_UPDATE - Log file updated
Wed May 21 11:07:23 2025 - LOG_UPDATE - Log file updated
Wed May 21 11:07:25 2025 - LOG_UPDATE - Log file updated
Wed May 21 11:07:27 2025 - LOG_UPDATE - Log file updated
Wed May 21 11:07:29 2025 - LOG_UPDATE - Log file updated
Wed May 21 11:07:31 2025 - LOG_UPDATE - Log file updated
Wed May 21 11:07:33 2025 - LOG_UPDATE - Log file updated
Wed May 21 11:07:35 2025 - LOG_UPDATE - Log file updated
Wed May 21 11:07:37 2025 - LOG_UPDATE - Log file updated
Wed May 21 11:07:39 2025 - LOG_UPDATE - Log file updated
Wed May 21 11:07:41 2025 - LOG_UPDATE - Log file updated
Wed May 21 11:07:43 2025 - LOG_UPDATE - Log file updated
Wed May 21 11:07:45 2025 - LOG_UPDATE - Log file updated
Wed May 21 15:32:01 2025 - LOG_UPDATE - Log file updated
Wed May 21 15:32:03 2025 - LOG_UPDATE - Log file updated
Wed May 21 15:32:05 2025 - LOG_UPDATE - Log file updated
Wed May 21 15:32:07 2025 - LOG_UPDATE - Log file updated
Wed May 21 15:32:09 2025 - LOG_UPDATE - Log file updated
Wed May 21 15:32:11 2025 - LOG_UPDATE - Log file updated
Wed May 21 15:32:13 2025 - LOG_UPDATE - Log file updated
Wed May 21 15:32:15 2025 - LOG_UPDATE - Log file updated
Wed May 21 15:32:17 2025 - LOG_UPDATE - Log file updated
Wed May 21 15:32:19 2025 - LOG_UPDATE - Log file updated
Wed May 21 15:32:21 2025 - LOG_UPDATE - Log file updated
Wed May 21 15:32:23 2025 - LOG_UPDATE - Log file updated
Wed May 21 15:32:25 2025 - LOG_UPDATE - Log file updated
Wed May 21 15:32:27 2025 - LOG_UPDATE - Log file updated
Wed May 21 15:32:29 2025 - LOG_UPDATE - Log file updated
Wed May 21 15:32:31 2025 - LOG_UPDATE - Log file updated
Wed May 21 15:32:33 2025 - LOG_UPDATE - Log file updated
Wed May 21 15:32:35 2025 - LOG_UPDATE - Log file updated
Wed May 21 15:32:37 2025 - LOG_UPDATE - Log file updated
Wed May 21 15:32:39 2025 - LOG_UPDATE - Log file updated
Wed May 21 15:32:41 2025 - LOG_UPDATE - Log file updated
Wed May 21 15:32:43 2025 - LOG_UPDATE - Log file updated
Wed May 21 15:32:45 2025 - LOG_UPDATE - Log file updated
Wed May 21 15:32:47 2025 - LOG_UPDATE - Log file updated
Wed May 21 15:32:49 2025 - LOG_UPDATE - Log file updated
Wed May 21 15:32:51 2025 - LOG_UPDATE - Log file updated
Wed May 21 15:32:53 2025 - LOG_UPDATE - Log file updated
Wed May 21 15:32:55 2025 - LOG_UPDATE - Log file updated
Wed May 21 15:32:57 2025 - LOG_UPDATE - Log file updated
Wed May 21 15:32:59 2025 - LOG_UPDATE - Log file updated
Wed May 21 15:33:01 2025 - LOG_UPDATE - Log file updated
Wed May 21 15:33:03 2025 - LOG_UPDATE - Log file updated
Wed May 21 15:33:05 2025 - LOG_UPDATE - Log file updated
Wed May 21 15:33:07 2025 - LOG_UPDATE - Log file updated
Wed May 21 15:33:09 2025 - LOG_UPDATE - Log file updated
Wed May 21 15:33:11 2025 - LOG_UPDATE - Log file updated
Wed May 21 15:33:13 2025 - LOG_UPDATE - Log file updated
Wed May 21 15:33:15 2025 - LOG_UPDATE - Log file updated
Wed May 21 15:33:17 2025 - LOG_UPDATE - Log file updated
Wed May 21 15:33:19 2025 - LOG_UPDATE - Log file updated
Wed May 21 15:33:21 2025 - LOG_UPDATE - Log file updated
Wed May 21 15:33:23 2025 - LOG_UPDATE - Log file updated
Wed May 21 15:33:25 2025 - LOG_UPDATE - Log file updated
Wed May 21 15:33:27 2025 - LOG_UPDATE - Log file updated
Wed May 21 15:33:29 2025 - LOG_UPDATE - Log file updated
Wed May 21 15:33:31 2025 - LOG_UPDATE - Log file updated
Wed May 21 15:33:33 2025 - LOG_UPDATE - Log file updated
Wed May 21 15:33:35 2025 - LOG_UPDATE - Log file updated
Wed May 21 15:33:37 2025 - LOG_UPDATE - Log file updated
Wed May 21 15:33:39 2025 - LOG_UPDATE - Log file updated
Wed May 21 15:33:41 2025 - LOG_UPDATE - Log file updated
Wed May 21 16:01:34 2025 - LOG_UPDATE - Log file updated
Wed May 21 16:01:36 2025 - LOG_UPDATE - Log file updated
Wed May 21 16:01:38 2025 - LOG_UPDATE - Log file updated
Wed May 21 16:01:40 2025 - LOG_UPDATE - Log file updated
Wed May 21 16:01:42 2025 - LOG_UPDATE - Log file updated
Wed May 21 16:01:44 2025 - LOG_UPDATE - Log file updated
Wed May 21 16:01:45 2025 - RAG_PROCESS - No documents processed or error occurred

Wed May 21 16:01:46 2025 - LOG_UPDATE - Log file updated
Wed May 21 16:01:48 2025 - LOG_UPDATE - Log file updated
Wed May 21 16:01:50 2025 - LOG_UPDATE - Log file updated
Wed May 21 16:01:52 2025 - LOG_UPDATE - Log file updated
Wed May 21 16:01:54 2025 - LOG_UPDATE - Log file updated
Wed May 21 16:01:56 2025 - LOG_UPDATE - Log file updated
Wed May 21 16:01:57 2025 - PAYLOAD_FAIL - Failed to generate payload for http://example.com/login (sql_injection)

Wed May 21 16:01:57 2025 - PAYLOAD_FAIL - Failed to generate payload for http://example.com/login (xss)

Wed May 21 16:01:57 2025 - PAYLOAD_FAIL - Failed to generate payload for http://testsite.com/api (file_inclusion)

Wed May 21 16:01:58 2025 - LOG_UPDATE - Log file updated
Wed May 21 16:02:00 2025 - LOG_UPDATE - Log file updated
Wed May 21 16:02:02 2025 - LOG_UPDATE - Log file updated
Wed May 21 16:02:04 2025 - LOG_UPDATE - Log file updated
Wed May 21 16:02:06 2025 - LOG_UPDATE - Log file updated
Wed May 21 16:02:08 2025 - LOG_UPDATE - Log file updated
Wed May 21 16:02:10 2025 - LOG_UPDATE - Log file updated
Wed May 21 16:02:12 2025 - LOG_UPDATE - Log file updated
Wed May 21 16:02:14 2025 - LOG_UPDATE - Log file updated
Wed May 21 16:02:16 2025 - LOG_UPDATE - Log file updated
Wed May 21 16:02:18 2025 - LOG_UPDATE - Log file updated
Wed May 21 16:02:20 2025 - LOG_UPDATE - Log file updated
Wed May 21 16:02:22 2025 - LOG_UPDATE - Log file updated
Wed May 21 16:02:24 2025 - LOG_UPDATE - Log file updated
Wed May 21 16:02:26 2025 - LOG_UPDATE - Log file updated
Wed May 21 16:02:28 2025 - LOG_UPDATE - Log file updated
Wed May 21 16:02:30 2025 - LOG_UPDATE - Log file updated
Wed May 21 16:02:32 2025 - LOG_UPDATE - Log file updated
Wed May 21 16:02:34 2025 - LOG_UPDATE - Log file updated
Wed May 21 16:02:36 2025 - LOG_UPDATE - Log file updated
Wed May 21 16:02:38 2025 - LOG_UPDATE - Log file updated
Wed May 21 16:02:40 2025 - LOG_UPDATE - Log file updated
Wed May 21 16:02:42 2025 - LOG_UPDATE - Log file updated
Wed May 21 16:02:44 2025 - LOG_UPDATE - Log file updated
Wed May 21 16:02:46 2025 - LOG_UPDATE - Log file updated
Wed May 21 16:02:48 2025 - LOG_UPDATE - Log file updated
Wed May 21 16:02:50 2025 - LOG_UPDATE - Log file updated
Wed May 21 16:02:52 2025 - LOG_UPDATE - Log file updated
Wed May 21 16:02:54 2025 - LOG_UPDATE - Log file updated
Wed May 21 16:02:56 2025 - LOG_UPDATE - Log file updated
Wed May 21 16:02:58 2025 - LOG_UPDATE - Log file updated
Wed May 21 16:03:00 2025 - LOG_UPDATE - Log file updated
Wed May 21 16:03:02 2025 - LOG_UPDATE - Log file updated
Wed May 21 16:03:04 2025 - LOG_UPDATE - Log file updated
Wed May 21 16:03:06 2025 - LOG_UPDATE - Log file updated
Wed May 21 16:03:08 2025 - LOG_UPDATE - Log file updated
Wed May 21 16:03:10 2025 - LOG_UPDATE - Log file updated
Wed May 21 16:03:12 2025 - LOG_UPDATE - Log file updated
Wed May 21 16:03:14 2025 - LOG_UPDATE - Log file updated
Wed May 21 16:03:16 2025 - LOG_UPDATE - Log file updated
Wed May 21 16:03:18 2025 - LOG_UPDATE - Log file updated
Wed May 21 16:03:20 2025 - LOG_UPDATE - Log file updated
Wed May 21 16:03:22 2025 - LOG_UPDATE - Log file updated
Wed May 21 16:03:24 2025 - LOG_UPDATE - Log file updated
Wed May 21 16:03:26 2025 - LOG_UPDATE - Log file updated
Wed May 21 16:03:28 2025 - LOG_UPDATE - Log file updated
Wed May 21 16:03:30 2025 - LOG_UPDATE - Log file updated
Wed May 21 16:03:32 2025 - LOG_UPDATE - Log file updated
Wed May 21 16:03:34 2025 - LOG_UPDATE - Log file updated
Wed May 21 16:03:36 2025 - LOG_UPDATE - Log file updated
Wed May 21 16:03:38 2025 - LOG_UPDATE - Log file updated
Wed May 21 16:03:40 2025 - LOG_UPDATE - Log file updated
Wed May 21 16:03:42 2025 - LOG_UPDATE - Log file updated
Wed May 21 16:03:44 2025 - LOG_UPDATE - Log file updated
Wed May 21 16:03:46 2025 - LOG_UPDATE - Log file updated
Wed May 21 16:03:48 2025 - LOG_UPDATE - Log file updated
Wed May 21 16:03:50 2025 - LOG_UPDATE - Log file updated
Wed May 21 16:03:52 2025 - LOG_UPDATE - Log file updated
Wed May 21 16:03:54 2025 - LOG_UPDATE - Log file updated
Wed May 21 16:03:56 2025 - LOG_UPDATE - Log file updated
Wed May 21 16:03:58 2025 - LOG_UPDATE - Log file updated
Wed May 21 16:04:00 2025 - LOG_UPDATE - Log file updated
Wed May 21 16:04:02 2025 - LOG_UPDATE - Log file updated
Wed May 21 16:04:04 2025 - LOG_UPDATE - Log file updated
Wed May 21 16:04:06 2025 - LOG_UPDATE - Log file updated
Wed May 21 16:04:08 2025 - LOG_UPDATE - Log file updated
Wed May 21 16:04:10 2025 - LOG_UPDATE - Log file updated
Wed May 21 16:04:12 2025 - LOG_UPDATE - Log file updated
Wed May 21 16:04:14 2025 - LOG_UPDATE - Log file updated
Wed May 21 16:04:16 2025 - LOG_UPDATE - Log file updated
Wed May 21 16:04:18 2025 - LOG_UPDATE - Log file updated
Wed May 21 16:04:20 2025 - LOG_UPDATE - Log file updated
Wed May 21 16:04:22 2025 - LOG_UPDATE - Log file updated
Wed May 21 16:04:24 2025 - LOG_UPDATE - Log file updated
Wed May 21 16:04:26 2025 - LOG_UPDATE - Log file updated
Wed May 21 16:04:28 2025 - LOG_UPDATE - Log file updated
Wed May 21 16:04:30 2025 - LOG_UPDATE - Log file updated
Wed May 21 16:04:32 2025 - LOG_UPDATE - Log file updated
Wed May 21 16:04:34 2025 - LOG_UPDATE - Log file updated
Wed May 21 16:04:36 2025 - LOG_UPDATE - Log file updated
Wed May 21 16:04:38 2025 - LOG_UPDATE - Log file updated
Wed May 21 16:04:40 2025 - LOG_UPDATE - Log file updated
Wed May 21 16:04:42 2025 - LOG_UPDATE - Log file updated
Wed May 21 16:04:44 2025 - LOG_UPDATE - Log file updated
Wed May 21 16:04:46 2025 - LOG_UPDATE - Log file updated
Wed May 21 16:04:48 2025 - LOG_UPDATE - Log file updated
Wed May 21 16:04:50 2025 - LOG_UPDATE - Log file updated
Wed May 21 16:04:52 2025 - LOG_UPDATE - Log file updated
Wed May 21 16:04:54 2025 - LOG_UPDATE - Log file updated
Wed May 21 16:04:56 2025 - LOG_UPDATE - Log file updated
Wed May 21 16:04:58 2025 - LOG_UPDATE - Log file updated
Wed May 21 16:05:00 2025 - LOG_UPDATE - Log file updated
Wed May 21 16:05:02 2025 - LOG_UPDATE - Log file updated
Wed May 21 16:05:04 2025 - LOG_UPDATE - Log file updated
Wed May 21 16:05:06 2025 - LOG_UPDATE - Log file updated
Wed May 21 16:05:08 2025 - LOG_UPDATE - Log file updated
Wed May 21 16:05:10 2025 - LOG_UPDATE - Log file updated
Wed May 21 16:05:12 2025 - LOG_UPDATE - Log file updated
Wed May 21 16:05:14 2025 - LOG_UPDATE - Log file updated
Wed May 21 16:05:16 2025 - LOG_UPDATE - Log file updated
Wed May 21 16:05:18 2025 - LOG_UPDATE - Log file updated
Wed May 21 16:05:20 2025 - LOG_UPDATE - Log file updated
Wed May 21 16:05:22 2025 - LOG_UPDATE - Log file updated
Wed May 21 16:05:24 2025 - LOG_UPDATE - Log file updated
Wed May 21 16:05:26 2025 - LOG_UPDATE - Log file updated
Wed May 21 16:05:28 2025 - LOG_UPDATE - Log file updated
Wed May 21 16:05:30 2025 - LOG_UPDATE - Log file updated
Wed May 21 16:05:32 2025 - LOG_UPDATE - Log file updated
Wed May 21 16:05:34 2025 - LOG_UPDATE - Log file updated
Wed May 21 16:05:36 2025 - LOG_UPDATE - Log file updated
Wed May 21 16:05:38 2025 - LOG_UPDATE - Log file updated
Wed May 21 16:05:40 2025 - LOG_UPDATE - Log file updated
Wed May 21 16:05:42 2025 - LOG_UPDATE - Log file updated
Wed May 21 16:05:44 2025 - LOG_UPDATE - Log file updated
Wed May 21 16:05:46 2025 - LOG_UPDATE - Log file updated
Wed May 21 16:05:48 2025 - LOG_UPDATE - Log file updated
Wed May 21 16:05:50 2025 - LOG_UPDATE - Log file updated
Wed May 21 16:05:52 2025 - LOG_UPDATE - Log file updated
Wed May 21 16:05:54 2025 - LOG_UPDATE - Log file updated
Wed May 21 16:05:56 2025 - LOG_UPDATE - Log file updated
Wed May 21 16:05:58 2025 - LOG_UPDATE - Log file updated
Wed May 21 16:06:00 2025 - LOG_UPDATE - Log file updated
Wed May 21 16:06:02 2025 - LOG_UPDATE - Log file updated
Wed May 21 16:06:04 2025 - LOG_UPDATE - Log file updated
Wed May 21 16:06:06 2025 - LOG_UPDATE - Log file updated
Wed May 21 16:06:08 2025 - LOG_UPDATE - Log file updated
Wed May 21 16:06:10 2025 - LOG_UPDATE - Log file updated
Wed May 21 16:06:12 2025 - LOG_UPDATE - Log file updated
Wed May 21 16:06:14 2025 - LOG_UPDATE - Log file updated
Wed May 21 16:06:16 2025 - LOG_UPDATE - Log file updated
Wed May 21 16:06:18 2025 - LOG_UPDATE - Log file updated
Wed May 21 16:06:20 2025 - LOG_UPDATE - Log file updated
Wed May 21 16:06:22 2025 - LOG_UPDATE - Log file updated
Wed May 21 16:06:24 2025 - LOG_UPDATE - Log file updated
Wed May 21 16:06:26 2025 - LOG_UPDATE - Log file updated
Wed May 21 16:06:28 2025 - LOG_UPDATE - Log file updated
Wed May 21 16:06:30 2025 - LOG_UPDATE - Log file updated
Wed May 21 16:06:32 2025 - LOG_UPDATE - Log file updated
Wed May 21 16:06:34 2025 - LOG_UPDATE - Log file updated
Wed May 21 16:06:36 2025 - LOG_UPDATE - Log file updated
Wed May 21 16:06:38 2025 - LOG_UPDATE - Log file updated
Wed May 21 16:06:40 2025 - LOG_UPDATE - Log file updated
Wed May 21 16:06:42 2025 - LOG_UPDATE - Log file updated
Wed May 21 16:06:44 2025 - LOG_UPDATE - Log file updated
Wed May 21 16:06:46 2025 - LOG_UPDATE - Log file updated
Wed May 21 16:06:48 2025 - LOG_UPDATE - Log file updated
Wed May 21 16:06:50 2025 - LOG_UPDATE - Log file updated
Wed May 21 16:06:52 2025 - LOG_UPDATE - Log file updated
Wed May 21 16:06:54 2025 - LOG_UPDATE - Log file updated
Wed May 21 16:06:56 2025 - LOG_UPDATE - Log file updated
Wed May 21 16:06:58 2025 - LOG_UPDATE - Log file updated
Wed May 21 16:07:00 2025 - LOG_UPDATE - Log file updated
Wed May 21 16:07:02 2025 - LOG_UPDATE - Log file updated
Wed May 21 16:07:04 2025 - LOG_UPDATE - Log file updated
Wed May 21 16:07:06 2025 - LOG_UPDATE - Log file updated
Wed May 21 16:07:08 2025 - LOG_UPDATE - Log file updated
Wed May 21 16:07:10 2025 - LOG_UPDATE - Log file updated
Wed May 21 16:07:12 2025 - LOG_UPDATE - Log file updated
Wed May 21 16:07:14 2025 - LOG_UPDATE - Log file updated
Wed May 21 16:07:16 2025 - LOG_UPDATE - Log file updated
Wed May 21 16:07:18 2025 - LOG_UPDATE - Log file updated
Wed May 21 16:07:20 2025 - LOG_UPDATE - Log file updated
Wed May 21 16:07:22 2025 - LOG_UPDATE - Log file updated
Wed May 21 16:07:24 2025 - LOG_UPDATE - Log file updated
Wed May 21 16:07:26 2025 - LOG_UPDATE - Log file updated
Wed May 21 16:07:28 2025 - LOG_UPDATE - Log file updated
Wed May 21 16:07:30 2025 - LOG_UPDATE - Log file updated
Wed May 21 16:07:32 2025 - LOG_UPDATE - Log file updated
Wed May 21 16:07:34 2025 - LOG_UPDATE - Log file updated
Wed May 21 16:07:36 2025 - LOG_UPDATE - Log file updated
Wed May 21 16:07:38 2025 - LOG_UPDATE - Log file updated
Wed May 21 16:07:40 2025 - LOG_UPDATE - Log file updated
Wed May 21 16:07:42 2025 - LOG_UPDATE - Log file updated
Wed May 21 16:07:44 2025 - LOG_UPDATE - Log file updated
Wed May 21 16:07:46 2025 - LOG_UPDATE - Log file updated
Wed May 21 16:07:48 2025 - LOG_UPDATE - Log file updated
Wed May 21 16:07:50 2025 - LOG_UPDATE - Log file updated
Wed May 21 16:07:52 2025 - LOG_UPDATE - Log file updated
Wed May 21 16:07:54 2025 - LOG_UPDATE - Log file updated
Wed May 21 16:07:56 2025 - LOG_UPDATE - Log file updated
Wed May 21 16:07:58 2025 - LOG_UPDATE - Log file updated
Wed May 21 16:08:00 2025 - LOG_UPDATE - Log file updated
Wed May 21 16:08:02 2025 - LOG_UPDATE - Log file updated
Wed May 21 16:08:04 2025 - LOG_UPDATE - Log file updated
Wed May 21 16:08:06 2025 - LOG_UPDATE - Log file updated
Wed May 21 16:08:08 2025 - LOG_UPDATE - Log file updated
Wed May 21 16:08:10 2025 - LOG_UPDATE - Log file updated
Wed May 21 16:08:12 2025 - LOG_UPDATE - Log file updated
Wed May 21 16:08:14 2025 - LOG_UPDATE - Log file updated
Wed May 21 16:08:16 2025 - LOG_UPDATE - Log file updated
Wed May 21 16:08:18 2025 - LOG_UPDATE - Log file updated
Wed May 21 16:08:20 2025 - LOG_UPDATE - Log file updated
Wed May 21 16:08:22 2025 - LOG_UPDATE - Log file updated
Wed May 21 16:08:24 2025 - LOG_UPDATE - Log file updated
Wed May 21 16:08:26 2025 - LOG_UPDATE - Log file updated
Wed May 21 16:08:28 2025 - LOG_UPDATE - Log file updated
Wed May 21 16:08:30 2025 - LOG_UPDATE - Log file updated
Wed May 21 16:08:32 2025 - LOG_UPDATE - Log file updated
Wed May 21 16:08:34 2025 - LOG_UPDATE - Log file updated
Wed May 21 16:08:36 2025 - LOG_UPDATE - Log file updated
Wed May 21 16:08:38 2025 - LOG_UPDATE - Log file updated
Wed May 21 16:08:40 2025 - LOG_UPDATE - Log file updated
Wed May 21 16:08:42 2025 - LOG_UPDATE - Log file updated
Wed May 21 16:08:44 2025 - LOG_UPDATE - Log file updated
Wed May 21 16:08:46 2025 - LOG_UPDATE - Log file updated
Wed May 21 16:08:48 2025 - LOG_UPDATE - Log file updated
Wed May 21 16:08:50 2025 - LOG_UPDATE - Log file updated
Wed May 21 16:08:52 2025 - LOG_UPDATE - Log file updated
Wed May 21 16:08:54 2025 - LOG_UPDATE - Log file updated
Wed May 21 16:08:56 2025 - LOG_UPDATE - Log file updated
Wed May 21 16:08:58 2025 - LOG_UPDATE - Log file updated
Wed May 21 16:09:00 2025 - LOG_UPDATE - Log file updated
Wed May 21 16:09:02 2025 - LOG_UPDATE - Log file updated
Wed May 21 16:09:04 2025 - LOG_UPDATE - Log file updated
Wed May 21 16:09:06 2025 - LOG_UPDATE - Log file updated
Wed May 21 16:09:08 2025 - LOG_UPDATE - Log file updated
Wed May 21 16:09:10 2025 - LOG_UPDATE - Log file updated
Wed May 21 16:09:12 2025 - LOG_UPDATE - Log file updated
Wed May 21 16:09:14 2025 - LOG_UPDATE - Log file updated
Wed May 21 16:09:16 2025 - LOG_UPDATE - Log file updated
Wed May 21 16:09:18 2025 - LOG_UPDATE - Log file updated
Wed May 21 16:09:20 2025 - LOG_UPDATE - Log file updated
Wed May 21 16:09:22 2025 - LOG_UPDATE - Log file updated
Wed May 21 16:09:24 2025 - LOG_UPDATE - Log file updated
Wed May 21 16:09:26 2025 - LOG_UPDATE - Log file updated
Wed May 21 16:09:28 2025 - LOG_UPDATE - Log file updated
Wed May 21 16:09:30 2025 - LOG_UPDATE - Log file updated
Wed May 21 16:09:32 2025 - LOG_UPDATE - Log file updated
Wed May 21 16:09:34 2025 - LOG_UPDATE - Log file updated
Wed May 21 16:09:36 2025 - LOG_UPDATE - Log file updated
Wed May 21 16:09:38 2025 - LOG_UPDATE - Log file updated
Wed May 21 16:09:40 2025 - LOG_UPDATE - Log file updated
Wed May 21 16:09:42 2025 - LOG_UPDATE - Log file updated
Wed May 21 16:09:44 2025 - LOG_UPDATE - Log file updated
Wed May 21 16:09:46 2025 - LOG_UPDATE - Log file updated
Wed May 21 16:09:48 2025 - LOG_UPDATE - Log file updated
Wed May 21 16:09:50 2025 - LOG_UPDATE - Log file updated
Wed May 21 16:09:52 2025 - LOG_UPDATE - Log file updated
Wed May 21 16:09:54 2025 - LOG_UPDATE - Log file updated
Wed May 21 16:09:56 2025 - LOG_UPDATE - Log file updated
Wed May 21 16:09:58 2025 - LOG_UPDATE - Log file updated
Wed May 21 16:10:00 2025 - LOG_UPDATE - Log file updated
Wed May 21 16:10:02 2025 - LOG_UPDATE - Log file updated
Wed May 21 16:10:04 2025 - LOG_UPDATE - Log file updated
Wed May 21 16:10:06 2025 - LOG_UPDATE - Log file updated
Wed May 21 16:10:08 2025 - LOG_UPDATE - Log file updated
Wed May 21 16:10:10 2025 - LOG_UPDATE - Log file updated
Wed May 21 16:10:12 2025 - LOG_UPDATE - Log file updated
Wed May 21 16:10:14 2025 - LOG_UPDATE - Log file updated
Wed May 21 16:10:16 2025 - LOG_UPDATE - Log file updated
Wed May 21 16:10:18 2025 - LOG_UPDATE - Log file updated
Wed May 21 16:10:20 2025 - LOG_UPDATE - Log file updated
Wed May 21 16:10:22 2025 - LOG_UPDATE - Log file updated
Wed May 21 16:10:24 2025 - LOG_UPDATE - Log file updated
Wed May 21 16:10:26 2025 - LOG_UPDATE - Log file updated
Wed May 21 16:10:28 2025 - LOG_UPDATE - Log file updated
Wed May 21 16:10:30 2025 - LOG_UPDATE - Log file updated
Wed May 21 16:10:32 2025 - LOG_UPDATE - Log file updated
Wed May 21 16:10:34 2025 - LOG_UPDATE - Log file updated
Wed May 21 16:10:36 2025 - LOG_UPDATE - Log file updated
Wed May 21 16:10:38 2025 - LOG_UPDATE - Log file updated
Wed May 21 16:10:40 2025 - LOG_UPDATE - Log file updated
Wed May 21 16:10:42 2025 - LOG_UPDATE - Log file updated
Wed May 21 16:10:44 2025 - LOG_UPDATE - Log file updated
Wed May 21 16:10:46 2025 - LOG_UPDATE - Log file updated
Wed May 21 16:10:48 2025 - LOG_UPDATE - Log file updated
Wed May 21 16:10:50 2025 - LOG_UPDATE - Log file updated
Wed May 21 16:10:52 2025 - LOG_UPDATE - Log file updated
Wed May 21 16:10:54 2025 - LOG_UPDATE - Log file updated
Wed May 21 16:10:56 2025 - LOG_UPDATE - Log file updated
Wed May 21 16:10:58 2025 - LOG_UPDATE - Log file updated
Wed May 21 16:11:00 2025 - LOG_UPDATE - Log file updated
Wed May 21 16:11:02 2025 - LOG_UPDATE - Log file updated
Wed May 21 16:11:04 2025 - LOG_UPDATE - Log file updated
Wed May 21 16:11:06 2025 - LOG_UPDATE - Log file updated
Wed May 21 16:11:08 2025 - LOG_UPDATE - Log file updated
Wed May 21 16:11:10 2025 - LOG_UPDATE - Log file updated
Wed May 21 16:11:12 2025 - LOG_UPDATE - Log file updated
Wed May 21 16:11:14 2025 - LOG_UPDATE - Log file updated
Wed May 21 16:11:16 2025 - LOG_UPDATE - Log file updated
Wed May 21 16:11:18 2025 - LOG_UPDATE - Log file updated
Wed May 21 16:11:20 2025 - LOG_UPDATE - Log file updated
Wed May 21 16:11:22 2025 - LOG_UPDATE - Log file updated
Wed May 21 16:11:24 2025 - LOG_UPDATE - Log file updated
Wed May 21 16:11:26 2025 - LOG_UPDATE - Log file updated
Wed May 21 16:11:28 2025 - LOG_UPDATE - Log file updated
Wed May 21 16:11:30 2025 - LOG_UPDATE - Log file updated
Wed May 21 16:11:32 2025 - LOG_UPDATE - Log file updated
Wed May 21 16:11:34 2025 - LOG_UPDATE - Log file updated
Wed May 21 16:11:36 2025 - LOG_UPDATE - Log file updated
Wed May 21 16:11:38 2025 - LOG_UPDATE - Log file updated
Wed May 21 16:11:40 2025 - LOG_UPDATE - Log file updated
Wed May 21 16:11:42 2025 - LOG_UPDATE - Log file updated
Wed May 21 16:11:44 2025 - LOG_UPDATE - Log file updated
Wed May 21 16:11:46 2025 - LOG_UPDATE - Log file updated
Wed May 21 16:11:48 2025 - LOG_UPDATE - Log file updated
Wed May 21 16:11:50 2025 - LOG_UPDATE - Log file updated
Wed May 21 16:11:52 2025 - LOG_UPDATE - Log file updated
Wed May 21 16:11:54 2025 - LOG_UPDATE - Log file updated
Wed May 21 16:11:56 2025 - LOG_UPDATE - Log file updated
Wed May 21 16:11:58 2025 - LOG_UPDATE - Log file updated
Wed May 21 16:12:00 2025 - LOG_UPDATE - Log file updated
Wed May 21 16:12:02 2025 - LOG_UPDATE - Log file updated
Wed May 21 16:13:17 2025 - LOG_UPDATE - Log file updated
Wed May 21 16:13:19 2025 - LOG_UPDATE - Log file updated
Wed May 21 16:13:21 2025 - LOG_UPDATE - Log file updated
Wed May 21 16:13:23 2025 - LOG_UPDATE - Log file updated
Wed May 21 16:13:25 2025 - LOG_UPDATE - Log file updated
Wed May 21 16:13:27 2025 - LOG_UPDATE - Log file updated
Wed May 21 16:13:29 2025 - LOG_UPDATE - Log file updated
Wed May 21 16:13:31 2025 - LOG_UPDATE - Log file updated
Wed May 21 16:13:33 2025 - LOG_UPDATE - Log file updated
Wed May 21 16:13:35 2025 - LOG_UPDATE - Log file updated
Wed May 21 16:13:37 2025 - LOG_UPDATE - Log file updated
Wed May 21 16:13:39 2025 - LOG_UPDATE - Log file updated
Wed May 21 16:13:41 2025 - LOG_UPDATE - Log file updated
Wed May 21 16:13:43 2025 - LOG_UPDATE - Log file updated
Wed May 21 16:13:45 2025 - LOG_UPDATE - Log file updated
Wed May 21 16:13:47 2025 - LOG_UPDATE - Log file updated
Wed May 21 16:13:49 2025 - LOG_UPDATE - Log file updated
Wed May 21 16:13:51 2025 - LOG_UPDATE - Log file updated
Wed May 21 16:13:53 2025 - LOG_UPDATE - Log file updated
Wed May 21 16:13:55 2025 - LOG_UPDATE - Log file updated
Wed May 21 16:13:57 2025 - LOG_UPDATE - Log file updated
Wed May 21 16:13:59 2025 - LOG_UPDATE - Log file updated
Wed May 21 16:14:01 2025 - LOG_UPDATE - Log file updated
Wed May 21 16:14:03 2025 - LOG_UPDATE - Log file updated
Wed May 21 16:14:05 2025 - LOG_UPDATE - Log file updated
Wed May 21 16:14:07 2025 - LOG_UPDATE - Log file updated
Wed May 21 16:14:09 2025 - LOG_UPDATE - Log file updated
Wed May 21 16:14:11 2025 - LOG_UPDATE - Log file updated
Wed May 21 16:14:13 2025 - LOG_UPDATE - Log file updated
Wed May 21 16:14:15 2025 - LOG_UPDATE - Log file updated
Wed May 21 16:14:17 2025 - LOG_UPDATE - Log file updated
Wed May 21 16:14:19 2025 - LOG_UPDATE - Log file updated
Wed May 21 16:14:21 2025 - LOG_UPDATE - Log file updated
Wed May 21 16:14:23 2025 - LOG_UPDATE - Log file updated
Wed May 21 16:14:25 2025 - LOG_UPDATE - Log file updated
Wed May 21 16:14:27 2025 - LOG_UPDATE - Log file updated
Wed May 21 16:14:29 2025 - LOG_UPDATE - Log file updated
Wed May 21 16:14:31 2025 - LOG_UPDATE - Log file updated
Wed May 21 16:14:33 2025 - LOG_UPDATE - Log file updated
Wed May 21 16:14:35 2025 - LOG_UPDATE - Log file updated
Wed May 21 16:14:37 2025 - LOG_UPDATE - Log file updated
Wed May 21 16:14:39 2025 - LOG_UPDATE - Log file updated
Wed May 21 16:14:41 2025 - LOG_UPDATE - Log file updated
Wed May 21 16:14:43 2025 - LOG_UPDATE - Log file updated
Wed May 21 16:14:45 2025 - LOG_UPDATE - Log file updated
Wed May 21 16:14:47 2025 - LOG_UPDATE - Log file updated
Wed May 21 16:14:49 2025 - LOG_UPDATE - Log file updated
Wed May 21 16:14:51 2025 - LOG_UPDATE - Log file updated
Wed May 21 16:14:53 2025 - LOG_UPDATE - Log file updated
Wed May 21 16:14:55 2025 - LOG_UPDATE - Log file updated
Wed May 21 16:14:57 2025 - LOG_UPDATE - Log file updated
Wed May 21 16:14:59 2025 - LOG_UPDATE - Log file updated
Wed May 21 16:15:01 2025 - LOG_UPDATE - Log file updated
Wed May 21 16:15:03 2025 - LOG_UPDATE - Log file updated
Wed May 21 16:15:05 2025 - LOG_UPDATE - Log file updated
Wed May 21 16:15:07 2025 - LOG_UPDATE - Log file updated
Wed May 21 16:15:09 2025 - LOG_UPDATE - Log file updated
Wed May 21 16:15:11 2025 - LOG_UPDATE - Log file updated
Wed May 21 16:15:13 2025 - LOG_UPDATE - Log file updated
Wed May 21 16:15:15 2025 - LOG_UPDATE - Log file updated
Wed May 21 16:15:17 2025 - LOG_UPDATE - Log file updated
Wed May 21 16:15:19 2025 - LOG_UPDATE - Log file updated
Wed May 21 16:15:21 2025 - LOG_UPDATE - Log file updated
Wed May 21 16:15:23 2025 - LOG_UPDATE - Log file updated
Wed May 21 16:15:25 2025 - LOG_UPDATE - Log file updated
Wed May 21 16:15:27 2025 - LOG_UPDATE - Log file updated
Wed May 21 16:15:29 2025 - LOG_UPDATE - Log file updated
Wed May 21 16:15:31 2025 - LOG_UPDATE - Log file updated
Wed May 21 16:21:24 2025 - LOG_UPDATE - Log file updated
Wed May 21 16:21:26 2025 - LOG_UPDATE - Log file updated
Wed May 21 16:21:28 2025 - LOG_UPDATE - Log file updated
Wed May 21 16:21:30 2025 - LOG_UPDATE - Log file updated
Wed May 21 16:21:32 2025 - LOG_UPDATE - Log file updated
Wed May 21 16:21:34 2025 - LOG_UPDATE - Log file updated
Wed May 21 16:21:36 2025 - LOG_UPDATE - Log file updated
Wed May 21 16:21:38 2025 - LOG_UPDATE - Log file updated
Wed May 21 16:21:40 2025 - LOG_UPDATE - Log file updated
Wed May 21 16:21:42 2025 - LOG_UPDATE - Log file updated
Wed May 21 16:21:44 2025 - LOG_UPDATE - Log file updated
Wed May 21 16:21:46 2025 - LOG_UPDATE - Log file updated
Wed May 21 16:21:48 2025 - LOG_UPDATE - Log file updated
Wed May 21 16:21:50 2025 - LOG_UPDATE - Log file updated
Wed May 21 16:21:52 2025 - LOG_UPDATE - Log file updated
Wed May 21 16:21:54 2025 - LOG_UPDATE - Log file updated
Wed May 21 16:21:56 2025 - LOG_UPDATE - Log file updated
Wed May 21 16:21:58 2025 - LOG_UPDATE - Log file updated
Wed May 21 16:22:00 2025 - LOG_UPDATE - Log file updated
Wed May 21 16:22:02 2025 - LOG_UPDATE - Log file updated
Wed May 21 16:22:04 2025 - LOG_UPDATE - Log file updated
Wed May 21 16:22:06 2025 - LOG_UPDATE - Log file updated
Wed May 21 16:22:08 2025 - LOG_UPDATE - Log file updated
Wed May 21 16:22:10 2025 - LOG_UPDATE - Log file updated
Wed May 21 16:22:12 2025 - LOG_UPDATE - Log file updated
Wed May 21 16:22:14 2025 - LOG_UPDATE - Log file updated
Wed May 21 16:22:16 2025 - LOG_UPDATE - Log file updated
Wed May 21 16:22:18 2025 - LOG_UPDATE - Log file updated
Wed May 21 16:22:20 2025 - LOG_UPDATE - Log file updated
Wed May 21 16:22:22 2025 - LOG_UPDATE - Log file updated
Wed May 21 16:22:24 2025 - LOG_UPDATE - Log file updated
Wed May 21 16:22:26 2025 - LOG_UPDATE - Log file updated
Wed May 21 16:22:28 2025 - LOG_UPDATE - Log file updated
Wed May 21 16:22:30 2025 - LOG_UPDATE - Log file updated
Wed May 21 16:22:32 2025 - LOG_UPDATE - Log file updated
Wed May 21 16:22:34 2025 - LOG_UPDATE - Log file updated
Wed May 21 16:22:36 2025 - LOG_UPDATE - Log file updated
Wed May 21 16:22:38 2025 - LOG_UPDATE - Log file updated
Wed May 21 16:22:40 2025 - LOG_UPDATE - Log file updated
Wed May 21 16:22:42 2025 - LOG_UPDATE - Log file updated
Wed May 21 16:22:44 2025 - LOG_UPDATE - Log file updated
Wed May 21 16:22:46 2025 - LOG_UPDATE - Log file updated
Wed May 21 16:22:48 2025 - LOG_UPDATE - Log file updated
Wed May 21 16:22:50 2025 - LOG_UPDATE - Log file updated
Wed May 21 16:22:52 2025 - LOG_UPDATE - Log file updated
Wed May 21 16:22:54 2025 - LOG_UPDATE - Log file updated
Wed May 21 16:22:56 2025 - LOG_UPDATE - Log file updated
Wed May 21 16:22:58 2025 - LOG_UPDATE - Log file updated
Wed May 21 16:23:00 2025 - LOG_UPDATE - Log file updated
Wed May 21 16:23:02 2025 - LOG_UPDATE - Log file updated
Wed May 21 16:23:04 2025 - LOG_UPDATE - Log file updated
Wed May 21 16:23:06 2025 - LOG_UPDATE - Log file updated
Wed May 21 16:23:08 2025 - LOG_UPDATE - Log file updated
Wed May 21 16:23:10 2025 - LOG_UPDATE - Log file updated
Wed May 21 16:23:12 2025 - LOG_UPDATE - Log file updated
Wed May 21 16:23:14 2025 - LOG_UPDATE - Log file updated
Wed May 21 16:23:16 2025 - LOG_UPDATE - Log file updated
Wed May 21 16:23:18 2025 - LOG_UPDATE - Log file updated
Wed May 21 16:23:20 2025 - LOG_UPDATE - Log file updated
Wed May 21 16:23:22 2025 - LOG_UPDATE - Log file updated
Wed May 21 16:23:24 2025 - LOG_UPDATE - Log file updated
Wed May 21 16:23:26 2025 - LOG_UPDATE - Log file updated
Wed May 21 16:23:28 2025 - LOG_UPDATE - Log file updated
Wed May 21 16:23:30 2025 - LOG_UPDATE - Log file updated
Wed May 21 16:23:32 2025 - LOG_UPDATE - Log file updated
Wed May 21 16:23:34 2025 - LOG_UPDATE - Log file updated
Wed May 21 16:23:36 2025 - LOG_UPDATE - Log file updated
Wed May 21 16:23:38 2025 - LOG_UPDATE - Log file updated
Wed May 21 16:23:40 2025 - LOG_UPDATE - Log file updated
Wed May 21 16:23:42 2025 - LOG_UPDATE - Log file updated
Wed May 21 16:23:44 2025 - LOG_UPDATE - Log file updated
Wed May 21 16:23:46 2025 - LOG_UPDATE - Log file updated
Wed May 21 16:23:48 2025 - LOG_UPDATE - Log file updated
Wed May 21 16:23:50 2025 - LOG_UPDATE - Log file updated
Wed May 21 16:23:52 2025 - LOG_UPDATE - Log file updated
Wed May 21 16:23:54 2025 - LOG_UPDATE - Log file updated
Wed May 21 16:23:56 2025 - LOG_UPDATE - Log file updated
Wed May 21 16:23:58 2025 - LOG_UPDATE - Log file updated
Wed May 21 16:24:00 2025 - LOG_UPDATE - Log file updated
Wed May 21 16:24:02 2025 - LOG_UPDATE - Log file updated
Wed May 21 16:24:04 2025 - LOG_UPDATE - Log file updated
Wed May 21 16:24:06 2025 - LOG_UPDATE - Log file updated
Wed May 21 16:24:08 2025 - LOG_UPDATE - Log file updated
Wed May 21 16:24:10 2025 - LOG_UPDATE - Log file updated
Wed May 21 16:24:12 2025 - LOG_UPDATE - Log file updated
Wed May 21 16:24:14 2025 - LOG_UPDATE - Log file updated
Wed May 21 16:24:16 2025 - LOG_UPDATE - Log file updated
Wed May 21 16:24:18 2025 - LOG_UPDATE - Log file updated
Wed May 21 16:24:20 2025 - LOG_UPDATE - Log file updated
Wed May 21 16:24:22 2025 - LOG_UPDATE - Log file updated
Wed May 21 16:24:24 2025 - LOG_UPDATE - Log file updated
Wed May 21 16:24:26 2025 - LOG_UPDATE - Log file updated
Wed May 21 16:24:28 2025 - LOG_UPDATE - Log file updated
Wed May 21 16:24:30 2025 - LOG_UPDATE - Log file updated
Wed May 21 16:24:32 2025 - LOG_UPDATE - Log file updated
Wed May 21 16:24:34 2025 - LOG_UPDATE - Log file updated
Wed May 21 16:24:36 2025 - LOG_UPDATE - Log file updated
Wed May 21 16:24:38 2025 - LOG_UPDATE - Log file updated
Wed May 21 16:24:40 2025 - LOG_UPDATE - Log file updated
Wed May 21 16:27:51 2025 - LOG_UPDATE - Log file updated
Wed May 21 16:27:53 2025 - LOG_UPDATE - Log file updated
Wed May 21 16:27:55 2025 - LOG_UPDATE - Log file updated
Wed May 21 16:27:57 2025 - LOG_UPDATE - Log file updated
Wed May 21 16:27:59 2025 - LOG_UPDATE - Log file updated
Wed May 21 16:28:01 2025 - LOG_UPDATE - Log file updated
Wed May 21 16:28:07 2025 - PAYLOAD_FAIL - Failed to generate payload for http://example.com/login (sql_injection)

Wed May 21 16:28:11 2025 - PAYLOAD_FAIL - Failed to generate payload for http://example.com/login (xss)

Wed May 21 16:28:12 2025 - PAYLOAD_FAIL - Failed to generate payload for http://testsite.com/api (file_inclusion)

Wed May 21 16:28:12 2025 - LOG_UPDATE - Log file updated
Wed May 21 16:28:13 2025 - PAYLOAD_FAIL - Failed to generate payload for http://example.com/login (sql_injection)

Wed May 21 16:28:14 2025 - PAYLOAD_FAIL - Failed to generate payload for http://example.com/login (xss)

Wed May 21 16:28:14 2025 - PAYLOAD_FAIL - Failed to generate payload for http://testsite.com/api (file_inclusion)

Wed May 21 16:28:15 2025 - LOG_UPDATE - Log file updated
Wed May 21 16:28:17 2025 - LOG_UPDATE - Log file updated
Wed May 21 16:28:19 2025 - LOG_UPDATE - Log file updated
Wed May 21 16:28:21 2025 - LOG_UPDATE - Log file updated
Wed May 21 16:28:23 2025 - LOG_UPDATE - Log file updated
Wed May 21 16:28:25 2025 - LOG_UPDATE - Log file updated
Wed May 21 16:28:27 2025 - LOG_UPDATE - Log file updated
Wed May 21 16:28:29 2025 - LOG_UPDATE - Log file updated
Wed May 21 16:28:31 2025 - LOG_UPDATE - Log file updated
Wed May 21 16:28:33 2025 - LOG_UPDATE - Log file updated
Wed May 21 16:28:35 2025 - LOG_UPDATE - Log file updated
Wed May 21 16:28:37 2025 - LOG_UPDATE - Log file updated
Wed May 21 16:28:39 2025 - LOG_UPDATE - Log file updated
Wed May 21 16:28:41 2025 - LOG_UPDATE - Log file updated
Wed May 21 16:28:43 2025 - LOG_UPDATE - Log file updated
Wed May 21 16:28:45 2025 - LOG_UPDATE - Log file updated
Wed May 21 16:28:47 2025 - LOG_UPDATE - Log file updated
Wed May 21 16:28:49 2025 - LOG_UPDATE - Log file updated
Wed May 21 16:28:51 2025 - LOG_UPDATE - Log file updated
Wed May 21 16:28:53 2025 - LOG_UPDATE - Log file updated
Wed May 21 16:28:55 2025 - LOG_UPDATE - Log file updated
Wed May 21 16:28:57 2025 - LOG_UPDATE - Log file updated
Wed May 21 16:28:59 2025 - LOG_UPDATE - Log file updated
Wed May 21 16:29:01 2025 - LOG_UPDATE - Log file updated
Wed May 21 16:29:03 2025 - LOG_UPDATE - Log file updated
Wed May 21 16:29:05 2025 - LOG_UPDATE - Log file updated
Wed May 21 16:29:07 2025 - LOG_UPDATE - Log file updated
Wed May 21 16:29:09 2025 - LOG_UPDATE - Log file updated
Wed May 21 16:29:11 2025 - LOG_UPDATE - Log file updated
Wed May 21 16:29:13 2025 - LOG_UPDATE - Log file updated
Wed May 21 16:29:15 2025 - LOG_UPDATE - Log file updated
Wed May 21 16:29:17 2025 - LOG_UPDATE - Log file updated
Wed May 21 16:29:19 2025 - LOG_UPDATE - Log file updated
Wed May 21 16:29:21 2025 - LOG_UPDATE - Log file updated
Wed May 21 16:29:23 2025 - LOG_UPDATE - Log file updated
Wed May 21 16:29:25 2025 - LOG_UPDATE - Log file updated
Wed May 21 16:29:27 2025 - LOG_UPDATE - Log file updated
Wed May 21 16:29:29 2025 - LOG_UPDATE - Log file updated
Wed May 21 16:29:31 2025 - LOG_UPDATE - Log file updated
Wed May 21 16:29:33 2025 - LOG_UPDATE - Log file updated
Wed May 21 16:29:35 2025 - LOG_UPDATE - Log file updated
Wed May 21 16:29:37 2025 - LOG_UPDATE - Log file updated
Wed May 21 16:29:39 2025 - LOG_UPDATE - Log file updated
Wed May 21 16:29:41 2025 - LOG_UPDATE - Log file updated
Wed May 21 16:29:43 2025 - LOG_UPDATE - Log file updated
Wed May 21 16:29:45 2025 - LOG_UPDATE - Log file updated
Wed May 21 16:29:47 2025 - LOG_UPDATE - Log file updated
Wed May 21 16:29:49 2025 - LOG_UPDATE - Log file updated
Wed May 21 16:29:51 2025 - LOG_UPDATE - Log file updated
Wed May 21 16:29:53 2025 - LOG_UPDATE - Log file updated
Wed May 21 16:29:55 2025 - LOG_UPDATE - Log file updated
Wed May 21 16:29:57 2025 - LOG_UPDATE - Log file updated
Wed May 21 16:29:59 2025 - LOG_UPDATE - Log file updated
Wed May 21 16:30:01 2025 - LOG_UPDATE - Log file updated
Wed May 21 16:30:03 2025 - LOG_UPDATE - Log file updated
Wed May 21 16:30:05 2025 - LOG_UPDATE - Log file updated
Wed May 21 16:30:07 2025 - LOG_UPDATE - Log file updated
Wed May 21 16:30:09 2025 - LOG_UPDATE - Log file updated
Wed May 21 16:30:11 2025 - LOG_UPDATE - Log file updated
Wed May 21 16:30:13 2025 - LOG_UPDATE - Log file updated
Wed May 21 16:30:15 2025 - LOG_UPDATE - Log file updated
Wed May 21 16:30:17 2025 - LOG_UPDATE - Log file updated
Wed May 21 16:30:19 2025 - LOG_UPDATE - Log file updated
Wed May 21 16:30:21 2025 - LOG_UPDATE - Log file updated
Wed May 21 16:30:23 2025 - LOG_UPDATE - Log file updated
Wed May 21 16:30:25 2025 - LOG_UPDATE - Log file updated
Wed May 21 16:30:27 2025 - LOG_UPDATE - Log file updated
Wed May 21 16:30:29 2025 - LOG_UPDATE - Log file updated
Wed May 21 16:30:31 2025 - LOG_UPDATE - Log file updated
Wed May 21 16:30:33 2025 - LOG_UPDATE - Log file updated
Wed May 21 16:30:35 2025 - LOG_UPDATE - Log file updated
Wed May 21 16:30:37 2025 - LOG_UPDATE - Log file updated
Wed May 21 16:30:39 2025 - LOG_UPDATE - Log file updated
Wed May 21 16:30:41 2025 - LOG_UPDATE - Log file updated
Wed May 21 16:30:43 2025 - LOG_UPDATE - Log file updated
Wed May 21 16:30:45 2025 - LOG_UPDATE - Log file updated
Wed May 21 16:30:47 2025 - LOG_UPDATE - Log file updated
Wed May 21 16:30:49 2025 - LOG_UPDATE - Log file updated
Wed May 21 16:30:51 2025 - LOG_UPDATE - Log file updated
Wed May 21 16:30:53 2025 - LOG_UPDATE - Log file updated
Wed May 21 16:30:55 2025 - LOG_UPDATE - Log file updated
Wed May 21 16:30:57 2025 - LOG_UPDATE - Log file updated
Wed May 21 16:30:59 2025 - LOG_UPDATE - Log file updated
Wed May 21 16:31:01 2025 - LOG_UPDATE - Log file updated
Wed May 21 16:31:03 2025 - LOG_UPDATE - Log file updated
Wed May 21 16:31:05 2025 - LOG_UPDATE - Log file updated
Wed May 21 16:31:07 2025 - LOG_UPDATE - Log file updated
Wed May 21 16:49:56 2025 - LOG_UPDATE - Log file updated
Wed May 21 16:49:58 2025 - LOG_UPDATE - Log file updated
Wed May 21 16:50:00 2025 - LOG_UPDATE - Log file updated
Wed May 21 16:50:02 2025 - LOG_UPDATE - Log file updated
Wed May 21 16:50:04 2025 - LOG_UPDATE - Log file updated
Wed May 21 16:50:06 2025 - LOG_UPDATE - Log file updated
Wed May 21 16:50:08 2025 - LOG_UPDATE - Log file updated
Wed May 21 16:50:10 2025 - LOG_UPDATE - Log file updated
Wed May 21 16:50:12 2025 - LOG_UPDATE - Log file updated
Wed May 21 16:50:12 2025 - RAG_PROCESS - No documents processed or error occurred

Wed May 21 16:50:14 2025 - LOG_UPDATE - Log file updated
Wed May 21 16:50:16 2025 - LOG_UPDATE - Log file updated
Wed May 21 16:50:18 2025 - LOG_UPDATE - Log file updated
Wed May 21 16:50:20 2025 - LOG_UPDATE - Log file updated
Wed May 21 16:50:22 2025 - LOG_UPDATE - Log file updated
Wed May 21 16:50:24 2025 - LOG_UPDATE - Log file updated
Wed May 21 16:50:26 2025 - LOG_UPDATE - Log file updated
Wed May 21 16:50:28 2025 - LOG_UPDATE - Log file updated
Wed May 21 16:50:30 2025 - LOG_UPDATE - Log file updated
Wed May 21 16:50:32 2025 - LOG_UPDATE - Log file updated
Wed May 21 16:50:34 2025 - LOG_UPDATE - Log file updated
Wed May 21 16:50:36 2025 - LOG_UPDATE - Log file updated
Wed May 21 16:50:38 2025 - LOG_UPDATE - Log file updated
